<?xml version="1.0" encoding="UTF-8"?>
<!-- Generated by org.testng.reporters.JUnitReportReporter -->
<testsuite hostname="94ZQ7BS" name="com.cucumber.framework.runner.cardekhoNewCar.CDNewCarVerificationRunner" tests="1" failures="0" timestamp="27 Apr 2018 12:14:02 GMT" time="0.735" errors="0">
  <testcase name="runCukes" time="0.735" classname="com.cucumber.framework.runner.cardekhoNewCar.CDNewCarVerificationRunner"/>
</testsuite> <!-- com.cucumber.framework.runner.cardekhoNewCar.CDNewCarVerificationRunner -->
