<?xml version="1.0" encoding="UTF-8"?>
<!-- Generated by org.testng.reporters.JUnitReportReporter -->
<testsuite hostname="hitesh-PC" name="com.cucumber.framework.runner.cardekhoNewCar.CDNewCarVerificationRunner" tests="1" failures="0" timestamp="29 Apr 2018 07:42:41 GMT" time="35.883" errors="0">
  <testcase name="runCukes" time="35.883" classname="com.cucumber.framework.runner.cardekhoNewCar.CDNewCarVerificationRunner"/>
</testsuite> <!-- com.cucumber.framework.runner.cardekhoNewCar.CDNewCarVerificationRunner -->
