<?xml version="1.0" encoding="UTF-8"?>
<!-- Generated by org.testng.reporters.JUnitReportReporter -->
<testsuite hostname="hitesh-PC" name="com.cucumber.framework.runner.cardekhoHomePage.CDHomePageRunner" tests="1" failures="0" timestamp="22 Apr 2018 17:45:45 GMT" time="34.366" errors="0">
  <testcase name="runCukes" time="34.366" classname="com.cucumber.framework.runner.cardekhoHomePage.CDHomePageRunner"/>
</testsuite> <!-- com.cucumber.framework.runner.cardekhoHomePage.CDHomePageRunner -->
