<?xml version="1.0" encoding="UTF-8"?>
<!-- Generated by org.testng.reporters.JUnitReportReporter -->
<testsuite hostname="94ZQ7BS" name="com.cucumber.framework.runner.cardekhoHomePage.CDHomePageRunner" tests="1" failures="0" timestamp="24 Apr 2018 07:20:02 GMT" time="35.035" errors="0">
  <testcase name="runCukes" time="35.035" classname="com.cucumber.framework.runner.cardekhoHomePage.CDHomePageRunner"/>
</testsuite> <!-- com.cucumber.framework.runner.cardekhoHomePage.CDHomePageRunner -->
