<?xml version="1.0" encoding="UTF-8"?>
<!-- Generated by org.testng.reporters.JUnitReportReporter -->
<testsuite hostname="94ZQ7BS" name="com.cucumber.framework.runner.cardekhoHomePage.CDHomePageRunner" tests="1" failures="0" timestamp="23 Apr 2018 10:33:37 GMT" time="22.980" errors="0">
  <testcase name="runCukes" time="22.980" classname="com.cucumber.framework.runner.cardekhoHomePage.CDHomePageRunner"/>
</testsuite> <!-- com.cucumber.framework.runner.cardekhoHomePage.CDHomePageRunner -->
