<?xml version="1.0" encoding="UTF-8"?>
<!-- Generated by org.testng.reporters.JUnitReportReporter -->
<testsuite hostname="hitesh-PC" name="com.cucumber.framework.runner.cardekhoHomePage.HomePageCarDekho" tests="1" failures="0" timestamp="22 Apr 2018 04:46:19 GMT" time="0.795" errors="0">
  <testcase name="runCukes" time="0.795" classname="com.cucumber.framework.runner.cardekhoHomePage.HomePageCarDekho"/>
</testsuite> <!-- com.cucumber.framework.runner.cardekhoHomePage.HomePageCarDekho -->
