<?xml version="1.0" encoding="UTF-8"?>
<!-- Generated by org.testng.reporters.JUnitReportReporter -->
<testsuite hostname="94ZQ7BS" name="com.cucumber.framework.runner.cardekhoNewCar.CDNewCarVerificationRunner" tests="1" failures="0" timestamp="25 Apr 2018 14:59:59 GMT" time="85.538" errors="0">
  <testcase name="runCukes" time="85.538" classname="com.cucumber.framework.runner.cardekhoNewCar.CDNewCarVerificationRunner"/>
</testsuite> <!-- com.cucumber.framework.runner.cardekhoNewCar.CDNewCarVerificationRunner -->
